<?xml version="1.0" encoding="UTF-8"?>
<testsuite name="com.zourzouvillys.httpsig.okhttp.SigningInterceptorTest" tests="2" skipped="0" failures="0" errors="0" timestamp="2026-02-26T09:48:52.622Z" hostname="theos-Apple-MacBook-Pro" time="0.14">
  <properties/>
  <testcase name="interceptorSignsAndVerifierAccepts()" classname="com.zourzouvillys.httpsig.okhttp.SigningInterceptorTest" time="0.135"/>
  <testcase name="customLabelIsUsed()" classname="com.zourzouvillys.httpsig.okhttp.SigningInterceptorTest" time="0.005"/>
  <system-out><![CDATA[]]></system-out>
  <system-err><![CDATA[]]></system-err>
</testsuite>
