<?xml version="1.0" encoding="UTF-8"?>
<testsuite name="com.zourzouvillys.httpsig.spring.SigningFilterFunctionTest" tests="2" skipped="0" failures="0" errors="0" timestamp="2026-02-26T09:48:53.392Z" hostname="theos-Apple-MacBook-Pro" time="0.09">
  <properties/>
  <testcase name="filterSignsRequestAndVerifierAccepts()" classname="com.zourzouvillys.httpsig.spring.SigningFilterFunctionTest" time="0.089"/>
  <testcase name="customLabelIsUsed()" classname="com.zourzouvillys.httpsig.spring.SigningFilterFunctionTest" time="0.001"/>
  <system-out><![CDATA[]]></system-out>
  <system-err><![CDATA[]]></system-err>
</testsuite>
